<?xml version="1.0" encoding="UTF-8"?>
<!-- Generated by org.testng.reporters.JUnitReportReporter -->
<testsuite hostname="DESKTOP-F0MRLT8" failures="0" tests="1" name="tests.HomePageTest" time="0.922" errors="0" timestamp="2025-05-29T02:41:57 EET" skipped="0">
  <testcase classname="tests.HomePageTest" name="positiveAddToCartScenario" time="0.922"/>
  <system-out/>
</testsuite> <!-- tests.HomePageTest -->
