<?xml version="1.0" encoding="UTF-8"?>
<!-- Generated by org.testng.reporters.JUnitReportReporter -->
<testsuite hostname="DESKTOP-F0MRLT8" failures="0" tests="1" name="tests.LoginTest" time="0.508" errors="0" timestamp="2025-05-26T20:07:09 EET" skipped="0">
  <testcase classname="tests.LoginTest" name="positiveLoginScenario" time="0.508"/>
  <system-out/>
</testsuite> <!-- tests.LoginTest -->
